
HEROKU LOG
2023-04-25T19:19:29.000000+00:00 app[api]: Build started by user ant.wilson@hotmail.com
2023-04-25T19:19:48.000000+00:00 app[api]: Build failed -- check your build output: https://dashboard.heroku.com/apps/225fd244-94c8-469e-8cf8-c19bbd5c4492/activity/builds/0f8d1a6e-ad0c-40ae-bd20-4b7cbe95be8e
2023-04-25T19:20:19.000000+00:00 app[api]: Build started by user ant.wilson@hotmail.com
2023-04-25T19:20:37.000000+00:00 app[api]: Build failed -- check your build output: https://dashboard.heroku.com/apps/225fd244-94c8-469e-8cf8-c19bbd5c4492/activity/builds/f8674399-85dd-4eee-85a2-462ffbec59ad
2023-04-25T19:20:53.000000+00:00 app[api]: Build started by user ant.wilson@hotmail.com
2023-04-25T19:21:13.000000+00:00 app[api]: Build failed -- check your build output: https://dashboard.heroku.com/apps/225fd244-94c8-469e-8cf8-c19bbd5c4492/activity/builds/705da52e-113e-43ab-92d3-7ab00a805645
2023-04-25T19:22:42.000000+00:00 app[api]: Build started by user ant.wilson@hotmail.com
2023-04-25T19:23:02.000000+00:00 app[api]: Build failed -- check your build output: https://dashboard.heroku.com/apps/225fd244-94c8-469e-8cf8-c19bbd5c4492/activity/builds/af37727b-088e-4e41-ba60-2bdba07c98fd
2023-04-25T19:30:37.000000+00:00 app[api]: Build started by user ant.wilson@hotmail.com
2023-04-25T19:30:56.000000+00:00 app[api]: Build failed -- check your build output: https://dashboard.heroku.com/apps/225fd244-94c8-469e-8cf8-c19bbd5c4492/activity/builds/880eb99c-2a11-4a73-9b14-c0fd7dea350d
2023-04-25T19:38:51.440122+00:00 heroku[web.1]: State changed from crashed to starting
2023-04-25T19:38:53.938878+00:00 heroku[web.1]: Starting process with command `python run.py`
2023-04-25T19:38:54.666720+00:00 app[web.1]: Traceback (most recent call last):
2023-04-25T19:38:54.666746+00:00 app[web.1]:   File "/app/run.py", line 4, in <module>
2023-04-25T19:38:54.666768+00:00 app[web.1]:     from flask import Flask, render_template, request, flash
2023-04-25T19:38:54.666779+00:00 app[web.1]: ModuleNotFoundError: No module named 'flask'
2023-04-25T19:38:54.802461+00:00 heroku[web.1]: Process exited with status 1
2023-04-25T19:38:54.842299+00:00 heroku[web.1]: State changed from starting to crashed
2023-04-25T19:42:00.000000+00:00 app[api]: Build started by user ant.wilson@hotmail.com
2023-04-25T19:42:32.738004+00:00 heroku[web.1]: State changed from crashed to starting
2023-04-25T19:42:31.324405+00:00 app[api]: Release v15 created by user ant.wilson@hotmail.com
2023-04-25T19:42:31.324405+00:00 app[api]: Deploy fa13d1af by user ant.wilson@hotmail.com
2023-04-25T19:42:34.000000+00:00 app[api]: Build succeeded
2023-04-25T19:42:36.760352+00:00 heroku[web.1]: Starting process with command `python run.py`
2023-04-25T19:42:37.646008+00:00 heroku[web.1]: Process exited with status 1
2023-04-25T19:42:37.518053+00:00 app[web.1]: Traceback (most recent call last):
2023-04-25T19:42:37.518079+00:00 app[web.1]:   File "/app/run.py", line 4, in <module>
2023-04-25T19:42:37.518107+00:00 app[web.1]:     from flask import Flask, render_template, request, flash
2023-04-25T19:42:37.518141+00:00 app[web.1]:   File "/app/.heroku/python/lib/python3.11/site-packages/flask/__init__.py", line 14, in <module>
2023-04-25T19:42:37.518180+00:00 app[web.1]:     from jinja2 import escape
2023-04-25T19:42:37.518206+00:00 app[web.1]: ImportError: cannot import name 'escape' from 'jinja2' (/app/.heroku/python/lib/python3.11/site-packages/jinja2/__init__.py)
2023-04-25T19:42:37.692276+00:00 heroku[web.1]: State changed from starting to crashed
2023-04-25T19:42:42.412239+00:00 heroku[router]: at=error code=H10 desc="App crashed" method=GET path="/" host=thorin-flask-one.herokuapp.com request_id=432bda4d-f0d9-4621-b832-70cad10c56fb fwd="90.206.75.174" dyno= connect= service= status=503 bytes= protocol=https
2023-04-25T19:42:42.605579+00:00 heroku[router]: at=error code=H10 desc="App crashed" method=GET path="/favicon.ico" host=thorin-flask-one.herokuapp.com request_id=d9f3b029-054f-4203-94f8-669a2c5b68fa fwd="90.206.75.174" dyno= connect= service= status=503 bytes= protocol=https
2023-04-25T19:46:19.000000+00:00 app[api]: Build started by user ant.wilson@hotmail.com
2023-04-25T19:46:43.000000+00:00 app[api]: Build failed -- check your build output: https://dashboard.heroku.com/apps/225fd244-94c8-469e-8cf8-c19bbd5c4492/activity/builds/09b73058-a51f-42b8-bbc6-f6c34a2f6a93

CONSOLE LOG
codeany ➜ /workspaces/Flask_Intro (main) $ git push heroku main
Enumerating objects: 5, done.
Counting objects: 100% (5/5), done.
Delta compression using up to 4 threads
Compressing objects: 100% (3/3), done.
Writing objects: 100% (3/3), 369 bytes | 369.00 KiB/s, done.
Total 3 (delta 1), reused 0 (delta 0), pack-reused 0
remote: Updated 109 paths from 5d649d5
remote: Compressing source files... done.
remote: Building source:
remote: 
remote: -----> Building on the Heroku-22 stack
remote: -----> Using buildpacks:
remote:        1. heroku/python
remote:        2. heroku/nodejs
remote: -----> Python app detected
remote: -----> No Python version was specified. Using the same version as the last build: python-3.11.3
remote:        To use a different version, see: https://devcenter.heroku.com/articles/python-runtimes
remote: -----> Requirements file has been changed, clearing cached dependencies
remote: -----> Installing python-3.11.3
remote: -----> Installing pip 23.0.1, setuptools 67.6.1 and wheel 0.40.0
remote: -----> Installing SQLite3
remote: -----> Installing requirements with pip
remote:        Collecting click==8.0.1
remote:          Downloading click-8.0.1-py3-none-any.whl (97 kB)
remote:        Collecting Flask==2.0.1
remote:          Downloading Flask-2.0.1-py3-none-any.whl (94 kB)
remote:        Collecting Flask-SQLAlchemy==2.5.1
remote:          Downloading Flask_SQLAlchemy-2.5.1-py2.py3-none-any.whl (17 kB)
remote:        Collecting greenlet==1.1.0
remote:          Downloading greenlet-1.1.0.tar.gz (85 kB)
remote:          Preparing metadata (setup.py): started
remote:          Preparing metadata (setup.py): finished with status 'done'
remote:        Collecting itsdangerous==2.0.1
remote:          Downloading itsdangerous-2.0.1-py3-none-any.whl (18 kB)
remote:        Collecting Jinja2==3.0.1
remote:          Downloading Jinja2-3.0.1-py3-none-any.whl (133 kB)
remote:        Collecting MarkupSafe==2.0.1
remote:          Downloading MarkupSafe-2.0.1.tar.gz (18 kB)
remote:          Preparing metadata (setup.py): started
remote:          Preparing metadata (setup.py): finished with status 'done'
remote:        Collecting psycopg2==2.9.1
remote:          Downloading psycopg2-2.9.1.tar.gz (379 kB)
remote:          Preparing metadata (setup.py): started
remote:          Preparing metadata (setup.py): finished with status 'done'
remote:        Collecting SQLAlchemy==1.4.18
remote:          Downloading SQLAlchemy-1.4.18.tar.gz (7.6 MB)
remote:          Preparing metadata (setup.py): started
remote:          Preparing metadata (setup.py): finished with status 'done'
remote:        Collecting Werkzeug==2.0.1
remote:          Downloading Werkzeug-2.0.1-py3-none-any.whl (288 kB)
remote:        Building wheels for collected packages: greenlet, MarkupSafe, psycopg2, SQLAlchemy
remote:          Building wheel for greenlet (setup.py): started
remote:          Building wheel for greenlet (setup.py): finished with status 'error'
remote:          error: subprocess-exited-with-error
remote:          
remote:          × python setup.py bdist_wheel did not run successfully.
remote:          │ exit code: 1
remote:          ╰─> [293 lines of output]
remote:              running bdist_wheel
remote:              running build
remote:              running build_py
remote:              creating build
remote:              creating build/lib.linux-x86_64-cpython-311
remote:              creating build/lib.linux-x86_64-cpython-311/greenlet
remote:              copying src/greenlet/__init__.py -> build/lib.linux-x86_64-cpython-311/greenlet
remote:              creating build/lib.linux-x86_64-cpython-311/greenlet/tests
remote:              copying src/greenlet/tests/test_generator_nested.py -> build/lib.linux-x86_64-cpython-311/greenlet/tests
remote:              copying src/greenlet/tests/test_weakref.py -> build/lib.linux-x86_64-cpython-311/greenlet/tests
remote:              copying src/greenlet/tests/test_generator.py -> build/lib.linux-x86_64-cpython-311/greenlet/tests
remote:              copying src/greenlet/tests/test_cpp.py -> build/lib.linux-x86_64-cpython-311/greenlet/tests
remote:              copying src/greenlet/tests/test_extension_interface.py -> build/lib.linux-x86_64-cpython-311/greenlet/tests
remote:              copying src/greenlet/tests/__init__.py -> build/lib.linux-x86_64-cpython-311/greenlet/tests
remote:              copying src/greenlet/tests/test_version.py -> build/lib.linux-x86_64-cpython-311/greenlet/tests
remote:              copying src/greenlet/tests/test_greenlet.py -> build/lib.linux-x86_64-cpython-311/greenlet/tests
remote:              copying src/greenlet/tests/test_throw.py -> build/lib.linux-x86_64-cpython-311/greenlet/tests
remote:              copying src/greenlet/tests/test_gc.py -> build/lib.linux-x86_64-cpython-311/greenlet/tests
remote:              copying src/greenlet/tests/test_contextvars.py -> build/lib.linux-x86_64-cpython-311/greenlet/tests
remote:              copying src/greenlet/tests/test_stack_saved.py -> build/lib.linux-x86_64-cpython-311/greenlet/tests
remote:              copying src/greenlet/tests/test_leaks.py -> build/lib.linux-x86_64-cpython-311/greenlet/tests
remote:              copying src/greenlet/tests/test_tracing.py -> build/lib.linux-x86_64-cpython-311/greenlet/tests
remote:              running egg_info
remote:              writing src/greenlet.egg-info/PKG-INFO
remote:              writing dependency_links to src/greenlet.egg-info/dependency_links.txt
remote:              writing requirements to src/greenlet.egg-info/requires.txt
remote:              writing top-level names to src/greenlet.egg-info/top_level.txt
remote:              reading manifest file 'src/greenlet.egg-info/SOURCES.txt'
remote:              reading manifest template 'MANIFEST.in'
remote:              no previously-included directories found matching 'docs/_build'
remote:              warning: no files found matching '*.py' under directory 'appveyor'
remote:              adding license file 'LICENSE'
remote:              adding license file 'LICENSE.PSF'
remote:              adding license file 'AUTHORS'
remote:              writing manifest file 'src/greenlet.egg-info/SOURCES.txt'
remote:              /app/.heroku/python/lib/python3.11/site-packages/setuptools/command/build_py.py:202: SetuptoolsDeprecationWarning:     Installing 'greenlet.platform' as data is deprecated, please list it in `packages`.
remote:                  !!
remote:              
remote:              
remote:                  ############################
remote:                  # Package would be ignored #
remote:                  ############################
remote:                  Python recognizes 'greenlet.platform' as an importable package,
remote:                  but it is not listed in the `packages` configuration of setuptools.
remote:              
remote:                  'greenlet.platform' has been automatically added to the distribution only
remote:                  because it may contain data files, but this behavior is likely to change
remote:                  in future versions of setuptools (and therefore is considered deprecated).
remote:              
remote:                  Please make sure that 'greenlet.platform' is included as a package by using
remote:                  the `packages` configuration field or the proper discovery methods
remote:                  (for example by using `find_namespace_packages(...)`/`find_namespace:`
remote:                  instead of `find_packages(...)`/`find:`).
remote:              
remote:                  You can read more about "package discovery" and "data files" on setuptools
remote:                  documentation page.
remote:              
remote:              
remote:              !!
remote:              
remote:                check.warn(importable)
remote:              copying src/greenlet/greenlet.c -> build/lib.linux-x86_64-cpython-311/greenlet
remote:              copying src/greenlet/greenlet.h -> build/lib.linux-x86_64-cpython-311/greenlet
remote:              copying src/greenlet/slp_platformselect.h -> build/lib.linux-x86_64-cpython-311/greenlet
remote:              creating build/lib.linux-x86_64-cpython-311/greenlet/platform
remote:              copying src/greenlet/platform/setup_switch_x64_masm.cmd -> build/lib.linux-x86_64-cpython-311/greenlet/platform
remote:              copying src/greenlet/platform/switch_aarch64_gcc.h -> build/lib.linux-x86_64-cpython-311/greenlet/platform
remote:              copying src/greenlet/platform/switch_alpha_unix.h -> build/lib.linux-x86_64-cpython-311/greenlet/platform
remote:              copying src/greenlet/platform/switch_amd64_unix.h -> build/lib.linux-x86_64-cpython-311/greenlet/platform
remote:              copying src/greenlet/platform/switch_arm32_gcc.h -> build/lib.linux-x86_64-cpython-311/greenlet/platform
remote:              copying src/greenlet/platform/switch_arm32_ios.h -> build/lib.linux-x86_64-cpython-311/greenlet/platform
remote:              copying src/greenlet/platform/switch_csky_gcc.h -> build/lib.linux-x86_64-cpython-311/greenlet/platform
remote:              copying src/greenlet/platform/switch_m68k_gcc.h -> build/lib.linux-x86_64-cpython-311/greenlet/platform
remote:              copying src/greenlet/platform/switch_mips_unix.h -> build/lib.linux-x86_64-cpython-311/greenlet/platform
remote:              copying src/greenlet/platform/switch_ppc64_aix.h -> build/lib.linux-x86_64-cpython-311/greenlet/platform
remote:              copying src/greenlet/platform/switch_ppc64_linux.h -> build/lib.linux-x86_64-cpython-311/greenlet/platform
remote:              copying src/greenlet/platform/switch_ppc_aix.h -> build/lib.linux-x86_64-cpython-311/greenlet/platform
remote:              copying src/greenlet/platform/switch_ppc_linux.h -> build/lib.linux-x86_64-cpython-311/greenlet/platform
remote:              copying src/greenlet/platform/switch_ppc_macosx.h -> build/lib.linux-x86_64-cpython-311/greenlet/platform
remote:              copying src/greenlet/platform/switch_ppc_unix.h -> build/lib.linux-x86_64-cpython-311/greenlet/platform
remote:              copying src/greenlet/platform/switch_riscv_unix.h -> build/lib.linux-x86_64-cpython-311/greenlet/platform
remote:              copying src/greenlet/platform/switch_s390_unix.h -> build/lib.linux-x86_64-cpython-311/greenlet/platform
remote:              copying src/greenlet/platform/switch_sparc_sun_gcc.h -> build/lib.linux-x86_64-cpython-311/greenlet/platform
remote:              copying src/greenlet/platform/switch_x32_unix.h -> build/lib.linux-x86_64-cpython-311/greenlet/platform
remote:              copying src/greenlet/platform/switch_x64_masm.asm -> build/lib.linux-x86_64-cpython-311/greenlet/platform
remote:              copying src/greenlet/platform/switch_x64_masm.obj -> build/lib.linux-x86_64-cpython-311/greenlet/platform
remote:              copying src/greenlet/platform/switch_x64_msvc.h -> build/lib.linux-x86_64-cpython-311/greenlet/platform
remote:              copying src/greenlet/platform/switch_x86_msvc.h -> build/lib.linux-x86_64-cpython-311/greenlet/platform
remote:              copying src/greenlet/platform/switch_x86_unix.h -> build/lib.linux-x86_64-cpython-311/greenlet/platform
remote:              copying src/greenlet/tests/_test_extension.c -> build/lib.linux-x86_64-cpython-311/greenlet/tests
remote:              copying src/greenlet/tests/_test_extension_cpp.cpp -> build/lib.linux-x86_64-cpython-311/greenlet/tests
remote:              running build_ext
remote:              building 'greenlet._greenlet' extension
remote:              creating build/temp.linux-x86_64-cpython-311
remote:              creating build/temp.linux-x86_64-cpython-311/src
remote:              creating build/temp.linux-x86_64-cpython-311/src/greenlet
remote:              gcc -Wsign-compare -DNDEBUG -g -fwrapv -O3 -Wall -fPIC -I/app/.heroku/python/include/python3.11 -c src/greenlet/greenlet.c -o build/temp.linux-x86_64-cpython-311/src/greenlet/greenlet.o
remote:              In file included from src/greenlet/greenlet.c:11:
remote:              src/greenlet/greenlet.h:42:5: error: unknown type name ‘CFrame’
remote:                 42 |     CFrame* cframe;
remote:                    |     ^~~~~~
remote:              src/greenlet/greenlet.c: In function ‘green_clear_exc’:
remote:              src/greenlet/greenlet.c:168:17: error: ‘_PyErr_StackItem’ {aka ‘struct _err_stackitem’} has no member named ‘exc_type’
remote:                168 |     g->exc_state.exc_type = NULL;
remote:                    |                 ^
remote:              src/greenlet/greenlet.c:170:17: error: ‘_PyErr_StackItem’ {aka ‘struct _err_stackitem’} has no member named ‘exc_traceback’
remote:                170 |     g->exc_state.exc_traceback = NULL;
remote:                    |                 ^
remote:              src/greenlet/greenlet.c: In function ‘g_switchstack’:
remote:              src/greenlet/greenlet.c:508:44: error: ‘PyThreadState’ {aka ‘struct _ts’} has no member named ‘recursion_depth’; did you mean ‘recursion_limit’?
remote:                508 |         current->recursion_depth = tstate->recursion_depth;
remote:                    |                                            ^~~~~~~~~~~~~~~
remote:                    |                                            recursion_limit
remote:              src/greenlet/greenlet.c:509:38: error: ‘PyThreadState’ {aka ‘struct _ts’} has no member named ‘frame’; did you mean ‘cframe’?
remote:                509 |         current->top_frame = tstate->frame;
remote:                    |                                      ^~~~~
remote:                    |                                      cframe
remote:              src/greenlet/greenlet.c:522:25: warning: assignment to ‘int *’ from incompatible pointer type ‘_PyCFrame *’ [-Wincompatible-pointer-types]
remote:                522 |         current->cframe = tstate->cframe;
remote:                    |                         ^
remote:              src/greenlet/greenlet.c:544:17: error: ‘PyThreadState’ {aka ‘struct _ts’} has no member named ‘recursion_depth’; did you mean ‘recursion_limit’?
remote:                544 |         tstate->recursion_depth = target->recursion_depth;
remote:                    |                 ^~~~~~~~~~~~~~~
remote:                    |                 recursion_limit
remote:              src/greenlet/greenlet.c:545:17: error: ‘PyThreadState’ {aka ‘struct _ts’} has no member named ‘frame’; did you mean ‘cframe’?
remote:                545 |         tstate->frame = target->top_frame;
remote:                    |                 ^~~~~
remote:                    |                 cframe
remote:              src/greenlet/greenlet.c:568:24: warning: assignment to ‘_PyCFrame *’ from incompatible pointer type ‘int *’ [-Wincompatible-pointer-types]
remote:                568 |         tstate->cframe = target->cframe;
remote:                    |                        ^
remote:              src/greenlet/greenlet.c: In function ‘g_initialstub’:
remote:              src/greenlet/greenlet.c:821:50: error: ‘PyThreadState’ {aka ‘struct _ts’} has no member named ‘recursion_depth’; did you mean ‘recursion_limit’?
remote:                821 |     self->recursion_depth = PyThreadState_GET()->recursion_depth;
remote:                    |                                                  ^~~~~~~~~~~~~~~
remote:                    |                                                  recursion_limit
remote:              src/greenlet/greenlet.c: In function ‘green_new’:
remote:              src/greenlet/greenlet.c:921:34: warning: assignment to ‘int *’ from incompatible pointer type ‘_PyCFrame *’ [-Wincompatible-pointer-types]
remote:                921 |         ((PyGreenlet*)o)->cframe = &PyThreadState_GET()->root_cframe;
remote:                    |                                  ^
remote:              In file included from /app/.heroku/python/include/python3.11/Python.h:45,
remote:                               from src/greenlet/greenlet.h:8,
remote:                               from src/greenlet/greenlet.c:11:
remote:              src/greenlet/greenlet.c: In function ‘green_traverse’:
remote:              src/greenlet/greenlet.c:1021:29: error: ‘_PyErr_StackItem’ {aka ‘struct _err_stackitem’} has no member named ‘exc_type’
remote:               1021 |     Py_VISIT(self->exc_state.exc_type);
remote:                    |                             ^
remote:              /app/.heroku/python/include/python3.11/objimpl.h:199:13: note: in definition of macro ‘Py_VISIT’
remote:                199 |         if (op) {                                                       \
remote:                    |             ^~
remote:              In file included from /app/.heroku/python/include/python3.11/Python.h:38,
remote:                               from src/greenlet/greenlet.h:8,
remote:                               from src/greenlet/greenlet.c:11:
remote:              src/greenlet/greenlet.c:1021:29: error: ‘_PyErr_StackItem’ {aka ‘struct _err_stackitem’} has no member named ‘exc_type’
remote:               1021 |     Py_VISIT(self->exc_state.exc_type);
remote:                    |                             ^
remote:              /app/.heroku/python/include/python3.11/pyport.h:24:38: note: in definition of macro ‘_Py_CAST’
remote:                 24 | #define _Py_CAST(type, expr) ((type)(expr))
remote:                    |                                      ^~~~
remote:              /app/.heroku/python/include/python3.11/objimpl.h:200:30: note: in expansion of macro ‘_PyObject_CAST’
remote:                200 |             int vret = visit(_PyObject_CAST(op), arg);                  \
remote:                    |                              ^~~~~~~~~~~~~~
remote:              src/greenlet/greenlet.c:1021:5: note: in expansion of macro ‘Py_VISIT’
remote:               1021 |     Py_VISIT(self->exc_state.exc_type);
remote:                    |     ^~~~~~~~
remote:              In file included from /app/.heroku/python/include/python3.11/Python.h:45,
remote:                               from src/greenlet/greenlet.h:8,
remote:                               from src/greenlet/greenlet.c:11:
remote:              src/greenlet/greenlet.c:1023:29: error: ‘_PyErr_StackItem’ {aka ‘struct _err_stackitem’} has no member named ‘exc_traceback’
remote:               1023 |     Py_VISIT(self->exc_state.exc_traceback);
remote:                    |                             ^
remote:              /app/.heroku/python/include/python3.11/objimpl.h:199:13: note: in definition of macro ‘Py_VISIT’
remote:                199 |         if (op) {                                                       \
remote:                    |             ^~
remote:              In file included from /app/.heroku/python/include/python3.11/Python.h:38,
remote:                               from src/greenlet/greenlet.h:8,
remote:                               from src/greenlet/greenlet.c:11:
remote:              src/greenlet/greenlet.c:1023:29: error: ‘_PyErr_StackItem’ {aka ‘struct _err_stackitem’} has no member named ‘exc_traceback’
remote:               1023 |     Py_VISIT(self->exc_state.exc_traceback);
remote:                    |                             ^
remote:              /app/.heroku/python/include/python3.11/pyport.h:24:38: note: in definition of macro ‘_Py_CAST’
remote:                 24 | #define _Py_CAST(type, expr) ((type)(expr))
remote:                    |                                      ^~~~
remote:              /app/.heroku/python/include/python3.11/objimpl.h:200:30: note: in expansion of macro ‘_PyObject_CAST’
remote:                200 |             int vret = visit(_PyObject_CAST(op), arg);                  \
remote:                    |                              ^~~~~~~~~~~~~~
remote:              src/greenlet/greenlet.c:1023:5: note: in expansion of macro ‘Py_VISIT’
remote:               1023 |     Py_VISIT(self->exc_state.exc_traceback);
remote:                    |     ^~~~~~~~
remote:              src/greenlet/greenlet.c: In function ‘green_clear’:
remote:              src/greenlet/greenlet.c:1059:29: error: ‘_PyErr_StackItem’ {aka ‘struct _err_stackitem’} has no member named ‘exc_type’
remote:               1059 |     Py_CLEAR(self->exc_state.exc_type);
remote:                    |                             ^
remote:              /app/.heroku/python/include/python3.11/pyport.h:24:38: note: in definition of macro ‘_Py_CAST’
remote:                 24 | #define _Py_CAST(type, expr) ((type)(expr))
remote:                    |                                      ^~~~
remote:              /app/.heroku/python/include/python3.11/object.h:581:29: note: in expansion of macro ‘_PyObject_CAST’
remote:                581 |         PyObject *_py_tmp = _PyObject_CAST(op); \
remote:                    |                             ^~~~~~~~~~~~~~
remote:              src/greenlet/greenlet.c:1059:5: note: in expansion of macro ‘Py_CLEAR’
remote:               1059 |     Py_CLEAR(self->exc_state.exc_type);
remote:                    |     ^~~~~~~~
remote:              In file included from /app/.heroku/python/include/python3.11/Python.h:44,
remote:                               from src/greenlet/greenlet.h:8,
remote:                               from src/greenlet/greenlet.c:11:
remote:              src/greenlet/greenlet.c:1059:29: error: ‘_PyErr_StackItem’ {aka ‘struct _err_stackitem’} has no member named ‘exc_type’
remote:               1059 |     Py_CLEAR(self->exc_state.exc_type);
remote:                    |                             ^
remote:              /app/.heroku/python/include/python3.11/object.h:583:14: note: in definition of macro ‘Py_CLEAR’
remote:                583 |             (op) = NULL;                        \
remote:                    |              ^~
remote:              In file included from /app/.heroku/python/include/python3.11/Python.h:38,
remote:                               from src/greenlet/greenlet.h:8,
remote:                               from src/greenlet/greenlet.c:11:
remote:              src/greenlet/greenlet.c:1061:29: error: ‘_PyErr_StackItem’ {aka ‘struct _err_stackitem’} has no member named ‘exc_traceback’
remote:               1061 |     Py_CLEAR(self->exc_state.exc_traceback);
remote:                    |                             ^
remote:              /app/.heroku/python/include/python3.11/pyport.h:24:38: note: in definition of macro ‘_Py_CAST’
remote:                 24 | #define _Py_CAST(type, expr) ((type)(expr))
remote:                    |                                      ^~~~
remote:              /app/.heroku/python/include/python3.11/object.h:581:29: note: in expansion of macro ‘_PyObject_CAST’
remote:                581 |         PyObject *_py_tmp = _PyObject_CAST(op); \
remote:                    |                             ^~~~~~~~~~~~~~
remote:              src/greenlet/greenlet.c:1061:5: note: in expansion of macro ‘Py_CLEAR’
remote:               1061 |     Py_CLEAR(self->exc_state.exc_traceback);
remote:                    |     ^~~~~~~~
remote:              In file included from /app/.heroku/python/include/python3.11/Python.h:44,
remote:                               from src/greenlet/greenlet.h:8,
remote:                               from src/greenlet/greenlet.c:11:
remote:              src/greenlet/greenlet.c:1061:29: error: ‘_PyErr_StackItem’ {aka ‘struct _err_stackitem’} has no member named ‘exc_traceback’
remote:               1061 |     Py_CLEAR(self->exc_state.exc_traceback);
remote:                    |                             ^
remote:              /app/.heroku/python/include/python3.11/object.h:583:14: note: in definition of macro ‘Py_CLEAR’
remote:                583 |             (op) = NULL;                        \
remote:                    |              ^~
remote:              In file included from /app/.heroku/python/include/python3.11/Python.h:38,
remote:                               from src/greenlet/greenlet.h:8,
remote:                               from src/greenlet/greenlet.c:11:
remote:              src/greenlet/greenlet.c: In function ‘green_dealloc’:
remote:              src/greenlet/greenlet.c:1139:29: error: ‘_PyErr_StackItem’ {aka ‘struct _err_stackitem’} has no member named ‘exc_type’
remote:               1139 |     Py_CLEAR(self->exc_state.exc_type);
remote:                    |                             ^
remote:              /app/.heroku/python/include/python3.11/pyport.h:24:38: note: in definition of macro ‘_Py_CAST’
remote:                 24 | #define _Py_CAST(type, expr) ((type)(expr))
remote:                    |                                      ^~~~
remote:              /app/.heroku/python/include/python3.11/object.h:581:29: note: in expansion of macro ‘_PyObject_CAST’
remote:                581 |         PyObject *_py_tmp = _PyObject_CAST(op); \
remote:                    |                             ^~~~~~~~~~~~~~
remote:              src/greenlet/greenlet.c:1139:5: note: in expansion of macro ‘Py_CLEAR’
remote:               1139 |     Py_CLEAR(self->exc_state.exc_type);
remote:                    |     ^~~~~~~~
remote:              In file included from /app/.heroku/python/include/python3.11/Python.h:44,
remote:                               from src/greenlet/greenlet.h:8,
remote:                               from src/greenlet/greenlet.c:11:
remote:              src/greenlet/greenlet.c:1139:29: error: ‘_PyErr_StackItem’ {aka ‘struct _err_stackitem’} has no member named ‘exc_type’
remote:               1139 |     Py_CLEAR(self->exc_state.exc_type);
remote:                    |                             ^
remote:              /app/.heroku/python/include/python3.11/object.h:583:14: note: in definition of macro ‘Py_CLEAR’
remote:                583 |             (op) = NULL;                        \
remote:                    |              ^~
remote:              In file included from /app/.heroku/python/include/python3.11/Python.h:38,
remote:                               from src/greenlet/greenlet.h:8,
remote:                               from src/greenlet/greenlet.c:11:
remote:              src/greenlet/greenlet.c:1141:29: error: ‘_PyErr_StackItem’ {aka ‘struct _err_stackitem’} has no member named ‘exc_traceback’
remote:               1141 |     Py_CLEAR(self->exc_state.exc_traceback);
remote:                    |                             ^
remote:              /app/.heroku/python/include/python3.11/pyport.h:24:38: note: in definition of macro ‘_Py_CAST’
remote:                 24 | #define _Py_CAST(type, expr) ((type)(expr))
remote:                    |                                      ^~~~
remote:              /app/.heroku/python/include/python3.11/object.h:581:29: note: in expansion of macro ‘_PyObject_CAST’
remote:                581 |         PyObject *_py_tmp = _PyObject_CAST(op); \
remote:                    |                             ^~~~~~~~~~~~~~
remote:              src/greenlet/greenlet.c:1141:5: note: in expansion of macro ‘Py_CLEAR’
remote:               1141 |     Py_CLEAR(self->exc_state.exc_traceback);
remote:                    |     ^~~~~~~~
remote:              In file included from /app/.heroku/python/include/python3.11/Python.h:44,
remote:                               from src/greenlet/greenlet.h:8,
remote:                               from src/greenlet/greenlet.c:11:
remote:              src/greenlet/greenlet.c:1141:29: error: ‘_PyErr_StackItem’ {aka ‘struct _err_stackitem’} has no member named ‘exc_traceback’
remote:               1141 |     Py_CLEAR(self->exc_state.exc_traceback);
remote:                    |                             ^
remote:              /app/.heroku/python/include/python3.11/object.h:583:14: note: in definition of macro ‘Py_CLEAR’
remote:                583 |             (op) = NULL;                        \
remote:                    |              ^~
remote:              src/greenlet/greenlet.c: In function ‘PyGreenlet_New’:
remote:              src/greenlet/greenlet.c:1653:15: warning: assignment to ‘int *’ from incompatible pointer type ‘_PyCFrame *’ [-Wincompatible-pointer-types]
remote:               1653 |     g->cframe = &PyThreadState_GET()->root_cframe;
remote:                    |               ^
remote:              error: command '/usr/bin/gcc' failed with exit code 1
remote:              [end of output]
remote:          
remote:          note: This error originates from a subprocess, and is likely not a problem with pip.
remote:          ERROR: Failed building wheel for greenlet
remote:          Running setup.py clean for greenlet
remote:          Building wheel for MarkupSafe (setup.py): started
remote:          Building wheel for MarkupSafe (setup.py): finished with status 'done'
remote:          Created wheel for MarkupSafe: filename=MarkupSafe-2.0.1-cp311-cp311-linux_x86_64.whl size=14750 sha256=3d2320ef5f96278f73e5e8c3b3a7a55db56f3f17f5cb36e45b26dda08f29e131
remote:          Stored in directory: /tmp/pip-ephem-wheel-cache-7ctb4iu5/wheels/ea/18/79/6266ea508b8164a77b95aa19534c77eb805f2878612c37efca
remote:          Building wheel for psycopg2 (setup.py): started
remote:          Building wheel for psycopg2 (setup.py): finished with status 'done'
remote:          Created wheel for psycopg2: filename=psycopg2-2.9.1-cp311-cp311-linux_x86_64.whl size=159176 sha256=a0e5a569d323826795c61eb9370a4df3af9b03ade8159f1b85b3210e2b582f3b
remote:          Stored in directory: /tmp/pip-ephem-wheel-cache-7ctb4iu5/wheels/16/15/95/9d3fc2f4ee570415fce4878d47c9e104a54f69bd563067b8ff
remote:          Building wheel for SQLAlchemy (setup.py): started
remote:          Building wheel for SQLAlchemy (setup.py): finished with status 'done'
remote:          Created wheel for SQLAlchemy: filename=SQLAlchemy-1.4.18-cp311-cp311-linux_x86_64.whl size=1481608 sha256=0230257f2936550250d55f8ffaf3176c3180be9f46a2891c83458c1f78c267e4
remote:          Stored in directory: /tmp/pip-ephem-wheel-cache-7ctb4iu5/wheels/7e/72/a5/ccf14c7157456d1d8fea9a1ec026ed4d8cd4fbbde87c434b89
remote:        Successfully built MarkupSafe psycopg2 SQLAlchemy
remote:        Failed to build greenlet
remote:        Installing collected packages: Werkzeug, psycopg2, MarkupSafe, itsdangerous, greenlet, click, SQLAlchemy, Jinja2, Flask, Flask-SQLAlchemy
remote:          Running setup.py install for greenlet: started
remote:          Running setup.py install for greenlet: finished with status 'error'
remote:          error: subprocess-exited-with-error
remote:          
remote:          × Running setup.py install for greenlet did not run successfully.
remote:          │ exit code: 1
remote:          ╰─> [295 lines of output]
remote:              running install
remote:              /app/.heroku/python/lib/python3.11/site-packages/setuptools/command/install.py:34: SetuptoolsDeprecationWarning: setup.py install is deprecated. Use build and pip and other standards-based tools.
remote:                warnings.warn(
remote:              running build
remote:              running build_py
remote:              creating build
remote:              creating build/lib.linux-x86_64-cpython-311
remote:              creating build/lib.linux-x86_64-cpython-311/greenlet
remote:              copying src/greenlet/__init__.py -> build/lib.linux-x86_64-cpython-311/greenlet
remote:              creating build/lib.linux-x86_64-cpython-311/greenlet/tests
remote:              copying src/greenlet/tests/test_generator_nested.py -> build/lib.linux-x86_64-cpython-311/greenlet/tests
remote:              copying src/greenlet/tests/test_weakref.py -> build/lib.linux-x86_64-cpython-311/greenlet/tests
remote:              copying src/greenlet/tests/test_generator.py -> build/lib.linux-x86_64-cpython-311/greenlet/tests
remote:              copying src/greenlet/tests/test_cpp.py -> build/lib.linux-x86_64-cpython-311/greenlet/tests
remote:              copying src/greenlet/tests/test_extension_interface.py -> build/lib.linux-x86_64-cpython-311/greenlet/tests
remote:              copying src/greenlet/tests/__init__.py -> build/lib.linux-x86_64-cpython-311/greenlet/tests
remote:              copying src/greenlet/tests/test_version.py -> build/lib.linux-x86_64-cpython-311/greenlet/tests
remote:              copying src/greenlet/tests/test_greenlet.py -> build/lib.linux-x86_64-cpython-311/greenlet/tests
remote:              copying src/greenlet/tests/test_throw.py -> build/lib.linux-x86_64-cpython-311/greenlet/tests
remote:              copying src/greenlet/tests/test_gc.py -> build/lib.linux-x86_64-cpython-311/greenlet/tests
remote:              copying src/greenlet/tests/test_contextvars.py -> build/lib.linux-x86_64-cpython-311/greenlet/tests
remote:              copying src/greenlet/tests/test_stack_saved.py -> build/lib.linux-x86_64-cpython-311/greenlet/tests
remote:              copying src/greenlet/tests/test_leaks.py -> build/lib.linux-x86_64-cpython-311/greenlet/tests
remote:              copying src/greenlet/tests/test_tracing.py -> build/lib.linux-x86_64-cpython-311/greenlet/tests
remote:              running egg_info
remote:              writing src/greenlet.egg-info/PKG-INFO
remote:              writing dependency_links to src/greenlet.egg-info/dependency_links.txt
remote:              writing requirements to src/greenlet.egg-info/requires.txt
remote:              writing top-level names to src/greenlet.egg-info/top_level.txt
remote:              reading manifest file 'src/greenlet.egg-info/SOURCES.txt'
remote:              reading manifest template 'MANIFEST.in'
remote:              no previously-included directories found matching 'docs/_build'
remote:              warning: no files found matching '*.py' under directory 'appveyor'
remote:              adding license file 'LICENSE'
remote:              adding license file 'LICENSE.PSF'
remote:              adding license file 'AUTHORS'
remote:              writing manifest file 'src/greenlet.egg-info/SOURCES.txt'
remote:              /app/.heroku/python/lib/python3.11/site-packages/setuptools/command/build_py.py:202: SetuptoolsDeprecationWarning:     Installing 'greenlet.platform' as data is deprecated, please list it in `packages`.
remote:                  !!
remote:              
remote:              
remote:                  ############################
remote:                  # Package would be ignored #
remote:                  ############################
remote:                  Python recognizes 'greenlet.platform' as an importable package,
remote:                  but it is not listed in the `packages` configuration of setuptools.
remote:              
remote:                  'greenlet.platform' has been automatically added to the distribution only
remote:                  because it may contain data files, but this behavior is likely to change
remote:                  in future versions of setuptools (and therefore is considered deprecated).
remote:              
remote:                  Please make sure that 'greenlet.platform' is included as a package by using
remote:                  the `packages` configuration field or the proper discovery methods
remote:                  (for example by using `find_namespace_packages(...)`/`find_namespace:`
remote:                  instead of `find_packages(...)`/`find:`).
remote:              
remote:                  You can read more about "package discovery" and "data files" on setuptools
remote:                  documentation page.
remote:              
remote:              
remote:              !!
remote:              
remote:                check.warn(importable)
remote:              copying src/greenlet/greenlet.c -> build/lib.linux-x86_64-cpython-311/greenlet
remote:              copying src/greenlet/greenlet.h -> build/lib.linux-x86_64-cpython-311/greenlet
remote:              copying src/greenlet/slp_platformselect.h -> build/lib.linux-x86_64-cpython-311/greenlet
remote:              creating build/lib.linux-x86_64-cpython-311/greenlet/platform
remote:              copying src/greenlet/platform/setup_switch_x64_masm.cmd -> build/lib.linux-x86_64-cpython-311/greenlet/platform
remote:              copying src/greenlet/platform/switch_aarch64_gcc.h -> build/lib.linux-x86_64-cpython-311/greenlet/platform
remote:              copying src/greenlet/platform/switch_alpha_unix.h -> build/lib.linux-x86_64-cpython-311/greenlet/platform
remote:              copying src/greenlet/platform/switch_amd64_unix.h -> build/lib.linux-x86_64-cpython-311/greenlet/platform
remote:              copying src/greenlet/platform/switch_arm32_gcc.h -> build/lib.linux-x86_64-cpython-311/greenlet/platform
remote:              copying src/greenlet/platform/switch_arm32_ios.h -> build/lib.linux-x86_64-cpython-311/greenlet/platform
remote:              copying src/greenlet/platform/switch_csky_gcc.h -> build/lib.linux-x86_64-cpython-311/greenlet/platform
remote:              copying src/greenlet/platform/switch_m68k_gcc.h -> build/lib.linux-x86_64-cpython-311/greenlet/platform
remote:              copying src/greenlet/platform/switch_mips_unix.h -> build/lib.linux-x86_64-cpython-311/greenlet/platform
remote:              copying src/greenlet/platform/switch_ppc64_aix.h -> build/lib.linux-x86_64-cpython-311/greenlet/platform
remote:              copying src/greenlet/platform/switch_ppc64_linux.h -> build/lib.linux-x86_64-cpython-311/greenlet/platform
remote:              copying src/greenlet/platform/switch_ppc_aix.h -> build/lib.linux-x86_64-cpython-311/greenlet/platform
remote:              copying src/greenlet/platform/switch_ppc_linux.h -> build/lib.linux-x86_64-cpython-311/greenlet/platform
remote:              copying src/greenlet/platform/switch_ppc_macosx.h -> build/lib.linux-x86_64-cpython-311/greenlet/platform
remote:              copying src/greenlet/platform/switch_ppc_unix.h -> build/lib.linux-x86_64-cpython-311/greenlet/platform
remote:              copying src/greenlet/platform/switch_riscv_unix.h -> build/lib.linux-x86_64-cpython-311/greenlet/platform
remote:              copying src/greenlet/platform/switch_s390_unix.h -> build/lib.linux-x86_64-cpython-311/greenlet/platform
remote:              copying src/greenlet/platform/switch_sparc_sun_gcc.h -> build/lib.linux-x86_64-cpython-311/greenlet/platform
remote:              copying src/greenlet/platform/switch_x32_unix.h -> build/lib.linux-x86_64-cpython-311/greenlet/platform
remote:              copying src/greenlet/platform/switch_x64_masm.asm -> build/lib.linux-x86_64-cpython-311/greenlet/platform
remote:              copying src/greenlet/platform/switch_x64_masm.obj -> build/lib.linux-x86_64-cpython-311/greenlet/platform
remote:              copying src/greenlet/platform/switch_x64_msvc.h -> build/lib.linux-x86_64-cpython-311/greenlet/platform
remote:              copying src/greenlet/platform/switch_x86_msvc.h -> build/lib.linux-x86_64-cpython-311/greenlet/platform
remote:              copying src/greenlet/platform/switch_x86_unix.h -> build/lib.linux-x86_64-cpython-311/greenlet/platform
remote:              copying src/greenlet/tests/_test_extension.c -> build/lib.linux-x86_64-cpython-311/greenlet/tests
remote:              copying src/greenlet/tests/_test_extension_cpp.cpp -> build/lib.linux-x86_64-cpython-311/greenlet/tests
remote:              running build_ext
remote:              building 'greenlet._greenlet' extension
remote:              creating build/temp.linux-x86_64-cpython-311
remote:              creating build/temp.linux-x86_64-cpython-311/src
remote:              creating build/temp.linux-x86_64-cpython-311/src/greenlet
remote:              gcc -Wsign-compare -DNDEBUG -g -fwrapv -O3 -Wall -fPIC -I/app/.heroku/python/include/python3.11 -c src/greenlet/greenlet.c -o build/temp.linux-x86_64-cpython-311/src/greenlet/greenlet.o
remote:              In file included from src/greenlet/greenlet.c:11:
remote:              src/greenlet/greenlet.h:42:5: error: unknown type name ‘CFrame’
remote:                 42 |     CFrame* cframe;
remote:                    |     ^~~~~~
remote:              src/greenlet/greenlet.c: In function ‘green_clear_exc’:
remote:              src/greenlet/greenlet.c:168:17: error: ‘_PyErr_StackItem’ {aka ‘struct _err_stackitem’} has no member named ‘exc_type’
remote:                168 |     g->exc_state.exc_type = NULL;
remote:                    |                 ^
remote:              src/greenlet/greenlet.c:170:17: error: ‘_PyErr_StackItem’ {aka ‘struct _err_stackitem’} has no member named ‘exc_traceback’
remote:                170 |     g->exc_state.exc_traceback = NULL;
remote:                    |                 ^
remote:              src/greenlet/greenlet.c: In function ‘g_switchstack’:
remote:              src/greenlet/greenlet.c:508:44: error: ‘PyThreadState’ {aka ‘struct _ts’} has no member named ‘recursion_depth’; did you mean ‘recursion_limit’?
remote:                508 |         current->recursion_depth = tstate->recursion_depth;
remote:                    |                                            ^~~~~~~~~~~~~~~
remote:                    |                                            recursion_limit
remote:              src/greenlet/greenlet.c:509:38: error: ‘PyThreadState’ {aka ‘struct _ts’} has no member named ‘frame’; did you mean ‘cframe’?
remote:                509 |         current->top_frame = tstate->frame;
remote:                    |                                      ^~~~~
remote:                    |                                      cframe
remote:              src/greenlet/greenlet.c:522:25: warning: assignment to ‘int *’ from incompatible pointer type ‘_PyCFrame *’ [-Wincompatible-pointer-types]
remote:                522 |         current->cframe = tstate->cframe;
remote:                    |                         ^
remote:              src/greenlet/greenlet.c:544:17: error: ‘PyThreadState’ {aka ‘struct _ts’} has no member named ‘recursion_depth’; did you mean ‘recursion_limit’?
remote:                544 |         tstate->recursion_depth = target->recursion_depth;
remote:                    |                 ^~~~~~~~~~~~~~~
remote:                    |                 recursion_limit
remote:              src/greenlet/greenlet.c:545:17: error: ‘PyThreadState’ {aka ‘struct _ts’} has no member named ‘frame’; did you mean ‘cframe’?
remote:                545 |         tstate->frame = target->top_frame;
remote:                    |                 ^~~~~
remote:                    |                 cframe
remote:              src/greenlet/greenlet.c:568:24: warning: assignment to ‘_PyCFrame *’ from incompatible pointer type ‘int *’ [-Wincompatible-pointer-types]
remote:                568 |         tstate->cframe = target->cframe;
remote:                    |                        ^
remote:              src/greenlet/greenlet.c: In function ‘g_initialstub’:
remote:              src/greenlet/greenlet.c:821:50: error: ‘PyThreadState’ {aka ‘struct _ts’} has no member named ‘recursion_depth’; did you mean ‘recursion_limit’?
remote:                821 |     self->recursion_depth = PyThreadState_GET()->recursion_depth;
remote:                    |                                                  ^~~~~~~~~~~~~~~
remote:                    |                                                  recursion_limit
remote:              src/greenlet/greenlet.c: In function ‘green_new’:
remote:              src/greenlet/greenlet.c:921:34: warning: assignment to ‘int *’ from incompatible pointer type ‘_PyCFrame *’ [-Wincompatible-pointer-types]
remote:                921 |         ((PyGreenlet*)o)->cframe = &PyThreadState_GET()->root_cframe;
remote:                    |                                  ^
remote:              In file included from /app/.heroku/python/include/python3.11/Python.h:45,
remote:                               from src/greenlet/greenlet.h:8,
remote:                               from src/greenlet/greenlet.c:11:
remote:              src/greenlet/greenlet.c: In function ‘green_traverse’:
remote:              src/greenlet/greenlet.c:1021:29: error: ‘_PyErr_StackItem’ {aka ‘struct _err_stackitem’} has no member named ‘exc_type’
remote:               1021 |     Py_VISIT(self->exc_state.exc_type);
remote:                    |                             ^
remote:              /app/.heroku/python/include/python3.11/objimpl.h:199:13: note: in definition of macro ‘Py_VISIT’
remote:                199 |         if (op) {                                                       \
remote:                    |             ^~
remote:              In file included from /app/.heroku/python/include/python3.11/Python.h:38,
remote:                               from src/greenlet/greenlet.h:8,
remote:                               from src/greenlet/greenlet.c:11:
remote:              src/greenlet/greenlet.c:1021:29: error: ‘_PyErr_StackItem’ {aka ‘struct _err_stackitem’} has no member named ‘exc_type’
remote:               1021 |     Py_VISIT(self->exc_state.exc_type);
remote:                    |                             ^
remote:              /app/.heroku/python/include/python3.11/pyport.h:24:38: note: in definition of macro ‘_Py_CAST’
remote:                 24 | #define _Py_CAST(type, expr) ((type)(expr))
remote:                    |                                      ^~~~
remote:              /app/.heroku/python/include/python3.11/objimpl.h:200:30: note: in expansion of macro ‘_PyObject_CAST’
remote:                200 |             int vret = visit(_PyObject_CAST(op), arg);                  \
remote:                    |                              ^~~~~~~~~~~~~~
remote:              src/greenlet/greenlet.c:1021:5: note: in expansion of macro ‘Py_VISIT’
remote:               1021 |     Py_VISIT(self->exc_state.exc_type);
remote:                    |     ^~~~~~~~
remote:              In file included from /app/.heroku/python/include/python3.11/Python.h:45,
remote:                               from src/greenlet/greenlet.h:8,
remote:                               from src/greenlet/greenlet.c:11:
remote:              src/greenlet/greenlet.c:1023:29: error: ‘_PyErr_StackItem’ {aka ‘struct _err_stackitem’} has no member named ‘exc_traceback’
remote:               1023 |     Py_VISIT(self->exc_state.exc_traceback);
remote:                    |                             ^
remote:              /app/.heroku/python/include/python3.11/objimpl.h:199:13: note: in definition of macro ‘Py_VISIT’
remote:                199 |         if (op) {                                                       \
remote:                    |             ^~
remote:              In file included from /app/.heroku/python/include/python3.11/Python.h:38,
remote:                               from src/greenlet/greenlet.h:8,
remote:                               from src/greenlet/greenlet.c:11:
remote:              src/greenlet/greenlet.c:1023:29: error: ‘_PyErr_StackItem’ {aka ‘struct _err_stackitem’} has no member named ‘exc_traceback’
remote:               1023 |     Py_VISIT(self->exc_state.exc_traceback);
remote:                    |                             ^
remote:              /app/.heroku/python/include/python3.11/pyport.h:24:38: note: in definition of macro ‘_Py_CAST’
remote:                 24 | #define _Py_CAST(type, expr) ((type)(expr))
remote:                    |                                      ^~~~
remote:              /app/.heroku/python/include/python3.11/objimpl.h:200:30: note: in expansion of macro ‘_PyObject_CAST’
remote:                200 |             int vret = visit(_PyObject_CAST(op), arg);                  \
remote:                    |                              ^~~~~~~~~~~~~~
remote:              src/greenlet/greenlet.c:1023:5: note: in expansion of macro ‘Py_VISIT’
remote:               1023 |     Py_VISIT(self->exc_state.exc_traceback);
remote:                    |     ^~~~~~~~
remote:              src/greenlet/greenlet.c: In function ‘green_clear’:
remote:              src/greenlet/greenlet.c:1059:29: error: ‘_PyErr_StackItem’ {aka ‘struct _err_stackitem’} has no member named ‘exc_type’
remote:               1059 |     Py_CLEAR(self->exc_state.exc_type);
remote:                    |                             ^
remote:              /app/.heroku/python/include/python3.11/pyport.h:24:38: note: in definition of macro ‘_Py_CAST’
remote:                 24 | #define _Py_CAST(type, expr) ((type)(expr))
remote:                    |                                      ^~~~
remote:              /app/.heroku/python/include/python3.11/object.h:581:29: note: in expansion of macro ‘_PyObject_CAST’
remote:                581 |         PyObject *_py_tmp = _PyObject_CAST(op); \
remote:                    |                             ^~~~~~~~~~~~~~
remote:              src/greenlet/greenlet.c:1059:5: note: in expansion of macro ‘Py_CLEAR’
remote:               1059 |     Py_CLEAR(self->exc_state.exc_type);
remote:                    |     ^~~~~~~~
remote:              In file included from /app/.heroku/python/include/python3.11/Python.h:44,
remote:                               from src/greenlet/greenlet.h:8,
remote:                               from src/greenlet/greenlet.c:11:
remote:              src/greenlet/greenlet.c:1059:29: error: ‘_PyErr_StackItem’ {aka ‘struct _err_stackitem’} has no member named ‘exc_type’
remote:               1059 |     Py_CLEAR(self->exc_state.exc_type);
remote:                    |                             ^
remote:              /app/.heroku/python/include/python3.11/object.h:583:14: note: in definition of macro ‘Py_CLEAR’
remote:                583 |             (op) = NULL;                        \
remote:                    |              ^~
remote:              In file included from /app/.heroku/python/include/python3.11/Python.h:38,
remote:                               from src/greenlet/greenlet.h:8,
remote:                               from src/greenlet/greenlet.c:11:
remote:              src/greenlet/greenlet.c:1061:29: error: ‘_PyErr_StackItem’ {aka ‘struct _err_stackitem’} has no member named ‘exc_traceback’
remote:               1061 |     Py_CLEAR(self->exc_state.exc_traceback);
remote:                    |                             ^
remote:              /app/.heroku/python/include/python3.11/pyport.h:24:38: note: in definition of macro ‘_Py_CAST’
remote:                 24 | #define _Py_CAST(type, expr) ((type)(expr))
remote:                    |                                      ^~~~
remote:              /app/.heroku/python/include/python3.11/object.h:581:29: note: in expansion of macro ‘_PyObject_CAST’
remote:                581 |         PyObject *_py_tmp = _PyObject_CAST(op); \
remote:                    |                             ^~~~~~~~~~~~~~
remote:              src/greenlet/greenlet.c:1061:5: note: in expansion of macro ‘Py_CLEAR’
remote:               1061 |     Py_CLEAR(self->exc_state.exc_traceback);
remote:                    |     ^~~~~~~~
remote:              In file included from /app/.heroku/python/include/python3.11/Python.h:44,
remote:                               from src/greenlet/greenlet.h:8,
remote:                               from src/greenlet/greenlet.c:11:
remote:              src/greenlet/greenlet.c:1061:29: error: ‘_PyErr_StackItem’ {aka ‘struct _err_stackitem’} has no member named ‘exc_traceback’
remote:               1061 |     Py_CLEAR(self->exc_state.exc_traceback);
remote:                    |                             ^
remote:              /app/.heroku/python/include/python3.11/object.h:583:14: note: in definition of macro ‘Py_CLEAR’
remote:                583 |             (op) = NULL;                        \
remote:                    |              ^~
remote:              In file included from /app/.heroku/python/include/python3.11/Python.h:38,
remote:                               from src/greenlet/greenlet.h:8,
remote:                               from src/greenlet/greenlet.c:11:
remote:              src/greenlet/greenlet.c: In function ‘green_dealloc’:
remote:              src/greenlet/greenlet.c:1139:29: error: ‘_PyErr_StackItem’ {aka ‘struct _err_stackitem’} has no member named ‘exc_type’
remote:               1139 |     Py_CLEAR(self->exc_state.exc_type);
remote:                    |                             ^
remote:              /app/.heroku/python/include/python3.11/pyport.h:24:38: note: in definition of macro ‘_Py_CAST’
remote:                 24 | #define _Py_CAST(type, expr) ((type)(expr))
remote:                    |                                      ^~~~
remote:              /app/.heroku/python/include/python3.11/object.h:581:29: note: in expansion of macro ‘_PyObject_CAST’
remote:                581 |         PyObject *_py_tmp = _PyObject_CAST(op); \
remote:                    |                             ^~~~~~~~~~~~~~
remote:              src/greenlet/greenlet.c:1139:5: note: in expansion of macro ‘Py_CLEAR’
remote:               1139 |     Py_CLEAR(self->exc_state.exc_type);
remote:                    |     ^~~~~~~~
remote:              In file included from /app/.heroku/python/include/python3.11/Python.h:44,
remote:                               from src/greenlet/greenlet.h:8,
remote:                               from src/greenlet/greenlet.c:11:
remote:              src/greenlet/greenlet.c:1139:29: error: ‘_PyErr_StackItem’ {aka ‘struct _err_stackitem’} has no member named ‘exc_type’
remote:               1139 |     Py_CLEAR(self->exc_state.exc_type);
remote:                    |                             ^
remote:              /app/.heroku/python/include/python3.11/object.h:583:14: note: in definition of macro ‘Py_CLEAR’
remote:                583 |             (op) = NULL;                        \
remote:                    |              ^~
remote:              In file included from /app/.heroku/python/include/python3.11/Python.h:38,
remote:                               from src/greenlet/greenlet.h:8,
remote:                               from src/greenlet/greenlet.c:11:
remote:              src/greenlet/greenlet.c:1141:29: error: ‘_PyErr_StackItem’ {aka ‘struct _err_stackitem’} has no member named ‘exc_traceback’
remote:               1141 |     Py_CLEAR(self->exc_state.exc_traceback);
remote:                    |                             ^
remote:              /app/.heroku/python/include/python3.11/pyport.h:24:38: note: in definition of macro ‘_Py_CAST’
remote:                 24 | #define _Py_CAST(type, expr) ((type)(expr))
remote:                    |                                      ^~~~
remote:              /app/.heroku/python/include/python3.11/object.h:581:29: note: in expansion of macro ‘_PyObject_CAST’
remote:                581 |         PyObject *_py_tmp = _PyObject_CAST(op); \
remote:                    |                             ^~~~~~~~~~~~~~
remote:              src/greenlet/greenlet.c:1141:5: note: in expansion of macro ‘Py_CLEAR’
remote:               1141 |     Py_CLEAR(self->exc_state.exc_traceback);
remote:                    |     ^~~~~~~~
remote:              In file included from /app/.heroku/python/include/python3.11/Python.h:44,
remote:                               from src/greenlet/greenlet.h:8,
remote:                               from src/greenlet/greenlet.c:11:
remote:              src/greenlet/greenlet.c:1141:29: error: ‘_PyErr_StackItem’ {aka ‘struct _err_stackitem’} has no member named ‘exc_traceback’
remote:               1141 |     Py_CLEAR(self->exc_state.exc_traceback);
remote:                    |                             ^
remote:              /app/.heroku/python/include/python3.11/object.h:583:14: note: in definition of macro ‘Py_CLEAR’
remote:                583 |             (op) = NULL;                        \
remote:                    |              ^~
remote:              src/greenlet/greenlet.c: In function ‘PyGreenlet_New’:
remote:              src/greenlet/greenlet.c:1653:15: warning: assignment to ‘int *’ from incompatible pointer type ‘_PyCFrame *’ [-Wincompatible-pointer-types]
remote:               1653 |     g->cframe = &PyThreadState_GET()->root_cframe;
remote:                    |               ^
remote:              error: command '/usr/bin/gcc' failed with exit code 1
remote:              [end of output]
remote:          
remote:          note: This error originates from a subprocess, and is likely not a problem with pip.
remote:        error: legacy-install-failure
remote:        
remote:        × Encountered error while trying to install package.
remote:        ╰─> greenlet
remote:        
remote:        note: This is an issue with the package mentioned above, not pip.
remote:        hint: See above for output from the failure.
remote:  !     Push rejected, failed to compile Python app.
remote: 
remote:  !     Push failed
remote: Verifying deploy...
remote: 
remote: !       Push rejected to thorin-flask-one.
remote: 
To https://git.heroku.com/thorin-flask-one.git
 ! [remote rejected] main -> main (pre-receive hook declined)
error: failed to push some refs to 'https://git.heroku.com/thorin-flask-one.git'